<?xml version="1.0" encoding="UTF-8"?>
<testng-results skipped="0" failed="0" ignored="1" total="2" passed="1">
  <reporter-output>
  </reporter-output>
  <suite name="Default suite" duration-ms="10583" started-at="2022-02-09T06:11:56 EET" finished-at="2022-02-09T06:12:07 EET">
    <groups>
    </groups>
    <test name="Default test" duration-ms="10583" started-at="2022-02-09T06:11:56 EET" finished-at="2022-02-09T06:12:07 EET">
      <class name="PlaceHolder.Tests.GetUserIdTest">
        <test-method status="PASS" signature="getPostsWithUserId()[pri:0, instance:PlaceHolder.Tests.GetUserIdTest@1f7030a6]" name="getPostsWithUserId" duration-ms="10509" started-at="2022-02-09T06:11:56 EET" finished-at="2022-02-09T06:12:07 EET">
          <reporter-output>
          </reporter-output>
        </test-method> <!-- getPostsWithUserId -->
      </class> <!-- PlaceHolder.Tests.GetUserIdTest -->
    </test> <!-- Default test -->
  </suite> <!-- Default suite -->
</testng-results>
