<?xml version="1.0" encoding="UTF-8"?>
<!-- Generated by org.testng.reporters.JUnitXMLReporter -->
<testsuite hostname="DESKTOP-O97AD17" ignored="1" name="Default test" tests="1" failures="0" timestamp="2022-02-09T06:12:07 EET" time="10.583" errors="0">
  <testcase name="getPostsWithUserId" time="10.509" classname="PlaceHolder.Tests.GetUserIdTest"/>
  <testcase name="getUserID" time="0.0" classname="PlaceHolder.Tests.GetUserIdTest">
    <ignored/>
  </testcase> <!-- getUserID -->
</testsuite> <!-- Default test -->
